2021-10-20 10:24:21:2421 [32minfo[39m: [32mserver started at http://localhost:3001[39m
2021-10-20 10:24:30:2430 [32minfo[39m: [32mserver started at http://localhost:3001[39m
2021-10-20 10:26:31:2631 [32minfo[39m: [32mserver started at http://localhost:3001[39m
2021-10-20 10:26:43:2643 [32minfo[39m: [32mserver started at http://localhost:3001[39m
2021-10-20 10:28:46:2846 [32minfo[39m: [32mserver started at http://localhost:3001[39m
2021-10-20 10:30:56:3056 [32minfo[39m: [32mserver started at http://localhost:3001[39m
2021-10-20 10:31:26:3126 [32minfo[39m: [32mserver started at http://localhost:3001[39m
2021-10-20 10:31:40:3140 [32minfo[39m: [32mserver started at http://localhost:3001[39m
2021-10-20 13:09:50:950 [33mwarn[39m: [33mSERVER IS IN DEVELOPMENT MODE![39m
2021-10-20 13:09:50:950 [32minfo[39m: [32mserver started at http://localhost:3001[39m
2021-10-20 13:09:50:950 [32minfo[39m: [32mSuccessfully connected to the Database[39m
2021-10-20 13:09:57:957 [33mwarn[39m: [33mSERVER IS IN DEVELOPMENT MODE![39m
2021-10-20 13:09:57:957 [32minfo[39m: [32mserver started at http://localhost:3001[39m
2021-10-20 13:09:57:957 [32minfo[39m: [32mSuccessfully connected to the Database[39m
2021-10-20 13:10:52:1052 [33mwarn[39m: [33mSERVER IS IN DEVELOPMENT MODE![39m
2021-10-20 13:10:52:1052 [32minfo[39m: [32mserver started at http://localhost:3001[39m
2021-10-20 13:10:52:1052 [32minfo[39m: [32mSuccessfully connected to the Database[39m
2021-10-20 13:11:02:112 [33mwarn[39m: [33mSERVER IS IN DEVELOPMENT MODE![39m
2021-10-20 13:11:02:112 [32minfo[39m: [32mserver started at http://localhost:3001[39m
2021-10-20 13:11:02:112 [32minfo[39m: [32mSuccessfully connected to the Database[39m
2021-10-20 13:11:05:115 [33mwarn[39m: [33mSERVER IS IN DEVELOPMENT MODE![39m
2021-10-20 13:11:05:115 [32minfo[39m: [32mserver started at http://localhost:3001[39m
2021-10-20 13:11:05:115 [32minfo[39m: [32mSuccessfully connected to the Database[39m
2021-10-20 13:13:04:134 [33mwarn[39m: [33mSERVER IS IN DEVELOPMENT MODE![39m
2021-10-20 13:13:04:134 [32minfo[39m: [32mserver started at http://localhost:3001[39m
2021-10-20 13:13:04:134 [32minfo[39m: [32mSuccessfully connected to the Database[39m
2021-10-20 13:14:11:1411 [35mhttp[39m: [35m{}[39m
2021-10-20 13:14:11:1411 [37mdebug[39m: [37m{ _id: new ObjectId("616ffa0340214e15d5c17ea8") }[39m
2021-10-20 13:14:11:1411 [37mdebug[39m: [37m{[39m
[37m  _id: new ObjectId("616ffa0340214e15d5c17ea8"),[39m
[37m  createdAt: 2021-10-20T11:14:11.599Z,[39m
[37m  updatedAt: 2021-10-20T11:14:11.599Z,[39m
[37m  __v: 0[39m
[37m}[39m
2021-10-20 13:14:11:1411 [35mhttp[39m: [35mPOST /users 200 2 - 60.786 ms[39m
[35m[39m
2021-10-20 13:15:13:1513 [35mhttp[39m: [35m{ name: 'Adam', age: 19, gender: 'Male' }[39m
2021-10-20 13:15:13:1513 [37mdebug[39m: [37m{[39m
[37m  name: 'Adam',[39m
[37m  age: 19,[39m
[37m  gender: 'Male',[39m
[37m  _id: new ObjectId("616ffa4140214e15d5c17eaa")[39m
[37m}[39m
2021-10-20 13:15:13:1513 [37mdebug[39m: [37m{[39m
[37m  name: 'Adam',[39m
[37m  age: 19,[39m
[37m  gender: 'Male',[39m
[37m  _id: new ObjectId("616ffa4140214e15d5c17eaa"),[39m
[37m  createdAt: 2021-10-20T11:15:13.531Z,[39m
[37m  updatedAt: 2021-10-20T11:15:13.531Z,[39m
[37m  __v: 0[39m
[37m}[39m
2021-10-20 13:15:13:1513 [35mhttp[39m: [35mPOST /users 200 2 - 31.853 ms[39m
[35m[39m
2021-10-20 13:17:48:1748 [33mwarn[39m: [33mSERVER IS IN DEVELOPMENT MODE![39m
2021-10-20 13:17:48:1748 [32minfo[39m: [32mserver started at http://localhost:3001[39m
2021-10-20 13:17:49:1749 [32minfo[39m: [32mSuccessfully connected to the Database[39m
2021-10-20 13:19:26:1926 [33mwarn[39m: [33mSERVER IS IN DEVELOPMENT MODE![39m
2021-10-20 13:19:26:1926 [32minfo[39m: [32mserver started at http://localhost:3001[39m
2021-10-20 13:19:26:1926 [32minfo[39m: [32mSuccessfully connected to the Database[39m
2021-10-20 13:19:38:1938 [35mhttp[39m: [35m{ name: 'Adam', age: 19, gender: 'Male' }[39m
2021-10-20 13:19:38:1938 [37mdebug[39m: [37m{[39m
[37m  name: 'Adam',[39m
[37m  age: 19,[39m
[37m  gender: 'Male',[39m
[37m  _id: new ObjectId("616ffb4a3b24ef98d6d73ff4")[39m
[37m}[39m
2021-10-20 13:19:38:1938 [37mdebug[39m: [37m{[39m
[37m  name: 'Adam',[39m
[37m  age: 19,[39m
[37m  gender: 'Male',[39m
[37m  _id: new ObjectId("616ffb4a3b24ef98d6d73ff4"),[39m
[37m  createdAt: 2021-10-20T11:19:38.739Z,[39m
[37m  updatedAt: 2021-10-20T11:19:38.739Z,[39m
[37m  __v: 0[39m
[37m}[39m
2021-10-20 13:19:38:1938 [35mhttp[39m: [35mPOST /users 200 2 - 42.431 ms[39m
[35m[39m
2021-10-20 13:20:04:204 [37mdebug[39m: [37m[[39m
[37m  {[39m
[37m    _id: new ObjectId("616ffa0340214e15d5c17ea8"),[39m
[37m    createdAt: 2021-10-20T11:14:11.599Z,[39m
[37m    updatedAt: 2021-10-20T11:14:11.599Z,[39m
[37m    __v: 0[39m
[37m  },[39m
[37m  {[39m
[37m    _id: new ObjectId("616ffa4140214e15d5c17eaa"),[39m
[37m    name: 'Adam',[39m
[37m    age: 19,[39m
[37m    gender: 'Male',[39m
[37m    createdAt: 2021-10-20T11:15:13.531Z,[39m
[37m    updatedAt: 2021-10-20T11:15:13.531Z,[39m
[37m    __v: 0[39m
[37m  },[39m
[37m  {[39m
[37m    _id: new ObjectId("616ffb4a3b24ef98d6d73ff4"),[39m
[37m    name: 'Adam',[39m
[37m    age: 19,[39m
[37m    gender: 'Male',[39m
[37m    createdAt: 2021-10-20T11:19:38.739Z,[39m
[37m    updatedAt: 2021-10-20T11:19:38.739Z,[39m
[37m    __v: 0[39m
[37m  }[39m
[37m][39m
2021-10-20 13:20:04:204 [35mhttp[39m: [35mGET /users 200 2 - 34.120 ms[39m
[35m[39m
2021-10-20 13:21:09:219 [33mwarn[39m: [33mSERVER IS IN DEVELOPMENT MODE![39m
2021-10-20 13:21:09:219 [32minfo[39m: [32mserver started at http://localhost:3001[39m
2021-10-20 13:21:09:219 [32minfo[39m: [32mSuccessfully connected to the Database[39m
2021-10-20 13:21:18:2118 [33mwarn[39m: [33mSERVER IS IN DEVELOPMENT MODE![39m
2021-10-20 13:21:18:2118 [32minfo[39m: [32mserver started at http://localhost:3001[39m
2021-10-20 13:21:18:2118 [32minfo[39m: [32mSuccessfully connected to the Database[39m
2021-10-20 13:21:25:2125 [37mdebug[39m: [37m[[39m
[37m  {[39m
[37m    _id: new ObjectId("616ffa0340214e15d5c17ea8"),[39m
[37m    createdAt: 2021-10-20T11:14:11.599Z,[39m
[37m    updatedAt: 2021-10-20T11:14:11.599Z,[39m
[37m    __v: 0[39m
[37m  },[39m
[37m  {[39m
[37m    _id: new ObjectId("616ffa4140214e15d5c17eaa"),[39m
[37m    name: 'Adam',[39m
[37m    age: 19,[39m
[37m    gender: 'Male',[39m
[37m    createdAt: 2021-10-20T11:15:13.531Z,[39m
[37m    updatedAt: 2021-10-20T11:15:13.531Z,[39m
[37m    __v: 0[39m
[37m  },[39m
[37m  {[39m
[37m    _id: new ObjectId("616ffb4a3b24ef98d6d73ff4"),[39m
[37m    name: 'Adam',[39m
[37m    age: 19,[39m
[37m    gender: 'Male',[39m
[37m    createdAt: 2021-10-20T11:19:38.739Z,[39m
[37m    updatedAt: 2021-10-20T11:19:38.739Z,[39m
[37m    __v: 0[39m
[37m  }[39m
[37m][39m
2021-10-20 13:21:25:2125 [35mhttp[39m: [35mGET /users 200 442 - 24.821 ms[39m
[35m[39m
2021-10-20 13:21:30:2130 [35mhttp[39m: [35m{ name: 'Adam', age: 19, gender: 'Male' }[39m
2021-10-20 13:21:30:2130 [37mdebug[39m: [37m{[39m
[37m  name: 'Adam',[39m
[37m  age: 19,[39m
[37m  gender: 'Male',[39m
[37m  _id: new ObjectId("616ffbbae7aa15bac9ecb853")[39m
[37m}[39m
2021-10-20 13:21:30:2130 [37mdebug[39m: [37m{[39m
[37m  name: 'Adam',[39m
[37m  age: 19,[39m
[37m  gender: 'Male',[39m
[37m  _id: new ObjectId("616ffbbae7aa15bac9ecb853"),[39m
[37m  createdAt: 2021-10-20T11:21:30.210Z,[39m
[37m  updatedAt: 2021-10-20T11:21:30.210Z,[39m
[37m  __v: 0[39m
[37m}[39m
2021-10-20 13:21:30:2130 [35mhttp[39m: [35mPOST /users 200 159 - 36.496 ms[39m
[35m[39m
2021-10-20 13:27:29:2729 [33mwarn[39m: [33mSERVER IS IN DEVELOPMENT MODE![39m
2021-10-20 13:27:29:2729 [32minfo[39m: [32mserver started at http://localhost:3001[39m
2021-10-20 13:27:29:2729 [32minfo[39m: [32mSuccessfully connected to the Database[39m
2021-10-20 13:28:18:2818 [33mwarn[39m: [33mSERVER IS IN DEVELOPMENT MODE![39m
2021-10-20 13:28:18:2818 [32minfo[39m: [32mserver started at http://localhost:3001[39m
2021-10-20 13:28:18:2818 [32minfo[39m: [32mSuccessfully connected to the Database[39m
2021-10-20 13:28:49:2849 [37mdebug[39m: [37m[[39m
[37m  {[39m
[37m    _id: new ObjectId("616ffa0340214e15d5c17ea8"),[39m
[37m    createdAt: 2021-10-20T11:14:11.599Z,[39m
[37m    updatedAt: 2021-10-20T11:14:11.599Z,[39m
[37m    __v: 0[39m
[37m  },[39m
[37m  {[39m
[37m    _id: new ObjectId("616ffa4140214e15d5c17eaa"),[39m
[37m    name: 'Adam',[39m
[37m    age: 19,[39m
[37m    gender: 'Male',[39m
[37m    createdAt: 2021-10-20T11:15:13.531Z,[39m
[37m    updatedAt: 2021-10-20T11:15:13.531Z,[39m
[37m    __v: 0[39m
[37m  },[39m
[37m  {[39m
[37m    _id: new ObjectId("616ffb4a3b24ef98d6d73ff4"),[39m
[37m    name: 'Adam',[39m
[37m    age: 19,[39m
[37m    gender: 'Male',[39m
[37m    createdAt: 2021-10-20T11:19:38.739Z,[39m
[37m    updatedAt: 2021-10-20T11:19:38.739Z,[39m
[37m    __v: 0[39m
[37m  },[39m
[37m  {[39m
[37m    _id: new ObjectId("616ffbbae7aa15bac9ecb853"),[39m
[37m    name: 'Adam',[39m
[37m    age: 19,[39m
[37m    gender: 'Male',[39m
[37m    createdAt: 2021-10-20T11:21:30.210Z,[39m
[37m    updatedAt: 2021-10-20T11:21:30.210Z,[39m
[37m    __v: 0[39m
[37m  }[39m
[37m][39m
2021-10-20 13:28:49:2849 [35mhttp[39m: [35mGET /users 200 602 - 49.043 ms[39m
[35m[39m
2021-10-20 13:29:01:291 [35mhttp[39m: [35mGET /users/616ffa0340214e15d5c17ea8 404 1334 - 1.924 ms[39m
[35m[39m
2021-10-20 13:29:14:2914 [35mhttp[39m: [35mGET /users/616ffa0340214e15d5c17ea8 404 1334 - 1.365 ms[39m
[35m[39m
2021-10-20 13:32:10:3210 [33mwarn[39m: [33mSERVER IS IN DEVELOPMENT MODE![39m
2021-10-20 13:32:10:3210 [32minfo[39m: [32mserver started at http://localhost:3001[39m
2021-10-20 13:32:10:3210 [32minfo[39m: [32mSuccessfully connected to the Database[39m
2021-10-20 13:32:23:3223 [35mhttp[39m: [35mreq.params.id: 616ffa0340214e15d5c17ea8 [39m
2021-10-20 13:32:23:3223 [37mdebug[39m: [37m{[39m
[37m  _id: new ObjectId("616ffa0340214e15d5c17ea8"),[39m
[37m  createdAt: 2021-10-20T11:14:11.599Z,[39m
[37m  updatedAt: 2021-10-20T11:14:11.599Z,[39m
[37m  __v: 0[39m
[37m}[39m
2021-10-20 13:32:23:3223 [35mhttp[39m: [35mGET /users/616ffa0340214e15d5c17ea8 200 120 - 272.119 ms[39m
[35m[39m
2021-10-20 13:34:17:3417 [33mwarn[39m: [33mSERVER IS IN DEVELOPMENT MODE![39m
2021-10-20 13:34:17:3417 [32minfo[39m: [32mserver started at http://localhost:3001[39m
2021-10-20 13:34:17:3417 [32minfo[39m: [32mSuccessfully connected to the Database[39m
2021-10-20 13:35:07:357 [33mwarn[39m: [33mSERVER IS IN DEVELOPMENT MODE![39m
2021-10-20 13:35:07:357 [32minfo[39m: [32mserver started at http://localhost:3001[39m
2021-10-20 13:35:07:357 [32minfo[39m: [32mSuccessfully connected to the Database[39m
2021-10-20 13:37:31:3731 [33mwarn[39m: [33mSERVER IS IN DEVELOPMENT MODE![39m
2021-10-20 13:37:31:3731 [32minfo[39m: [32mserver started at http://localhost:3001[39m
2021-10-20 13:37:31:3731 [32minfo[39m: [32mSuccessfully connected to the Database[39m
2021-10-20 13:38:48:3848 [33mwarn[39m: [33mSERVER IS IN DEVELOPMENT MODE![39m
2021-10-20 13:38:48:3848 [32minfo[39m: [32mserver started at http://localhost:3001[39m
2021-10-20 13:38:48:3848 [32minfo[39m: [32mSuccessfully connected to the Database[39m
2021-10-20 13:39:20:3920 [35mhttp[39m: [35mreq.query.name: undefined [39m
2021-10-20 13:39:20:3920 [35mhttp[39m: [35mGET /searchUser 200 122 - 70.115 ms[39m
[35m[39m
2021-10-20 13:39:37:3937 [35mhttp[39m: [35mreq.query.name: undefined [39m
2021-10-20 13:39:37:3937 [35mhttp[39m: [35mGET /searchUser?username 200 122 - 11.996 ms[39m
[35m[39m
2021-10-20 13:39:46:3946 [35mhttp[39m: [35mreq.query.name: undefined [39m
2021-10-20 13:39:46:3946 [35mhttp[39m: [35mGET /searchUser?username=Adam 200 122 - 46.055 ms[39m
[35m[39m
2021-10-20 13:39:53:3953 [35mhttp[39m: [35mreq.query.name: undefined [39m
2021-10-20 13:39:53:3953 [35mhttp[39m: [35mGET /searchUser?username=Adam 200 122 - 5.019 ms[39m
[35m[39m
2021-10-20 13:39:56:3956 [35mhttp[39m: [35mreq.params.id: 616ffa0340214e15d5c17ea8 [39m
2021-10-20 13:39:56:3956 [37mdebug[39m: [37m{[39m
[37m  _id: new ObjectId("616ffa0340214e15d5c17ea8"),[39m
[37m  createdAt: 2021-10-20T11:14:11.599Z,[39m
[37m  updatedAt: 2021-10-20T11:14:11.599Z,[39m
[37m  __v: 0[39m
[37m}[39m
2021-10-20 13:39:56:3956 [35mhttp[39m: [35mGET /users/616ffa0340214e15d5c17ea8 200 120 - 22.443 ms[39m
[35m[39m
2021-10-20 13:40:00:400 [35mhttp[39m: [35mreq.query.name: undefined [39m
2021-10-20 13:40:00:400 [35mhttp[39m: [35mGET /searchUser?username=Adam 200 122 - 5.598 ms[39m
[35m[39m
2021-10-20 13:40:15:4015 [35mhttp[39m: [35mreq.query.name: Adam [39m
2021-10-20 13:40:15:4015 [35mhttp[39m: [35mGET /searchUser?name=Adam 200 481 - 11.687 ms[39m
[35m[39m
2021-10-20 13:40:26:4026 [35mhttp[39m: [35mreq.query.name: Adamm [39m
2021-10-20 13:40:26:4026 [35mhttp[39m: [35mGET /searchUser?name=Adamm 200 2 - 4.547 ms[39m
[35m[39m
2021-10-20 13:41:02:412 [37mdebug[39m: [37m[[39m
[37m  {[39m
[37m    _id: new ObjectId("616ffa0340214e15d5c17ea8"),[39m
[37m    createdAt: 2021-10-20T11:14:11.599Z,[39m
[37m    updatedAt: 2021-10-20T11:14:11.599Z,[39m
[37m    __v: 0[39m
[37m  },[39m
[37m  {[39m
[37m    _id: new ObjectId("616ffa4140214e15d5c17eaa"),[39m
[37m    name: 'Adam',[39m
[37m    age: 19,[39m
[37m    gender: 'Male',[39m
[37m    createdAt: 2021-10-20T11:15:13.531Z,[39m
[37m    updatedAt: 2021-10-20T11:15:13.531Z,[39m
[37m    __v: 0[39m
[37m  },[39m
[37m  {[39m
[37m    _id: new ObjectId("616ffb4a3b24ef98d6d73ff4"),[39m
[37m    name: 'Adam',[39m
[37m    age: 19,[39m
[37m    gender: 'Male',[39m
[37m    createdAt: 2021-10-20T11:19:38.739Z,[39m
[37m    updatedAt: 2021-10-20T11:19:38.739Z,[39m
[37m    __v: 0[39m
[37m  },[39m
[37m  {[39m
[37m    _id: new ObjectId("616ffbbae7aa15bac9ecb853"),[39m
[37m    name: 'Adam',[39m
[37m    age: 19,[39m
[37m    gender: 'Male',[39m
[37m    createdAt: 2021-10-20T11:21:30.210Z,[39m
[37m    updatedAt: 2021-10-20T11:21:30.210Z,[39m
[37m    __v: 0[39m
[37m  }[39m
[37m][39m
2021-10-20 13:41:02:412 [35mhttp[39m: [35mGET /users 200 602 - 43.743 ms[39m
[35m[39m
2021-10-20 13:41:12:4112 [35mhttp[39m: [35mreq.query.name: Adam [39m
2021-10-20 13:41:12:4112 [35mhttp[39m: [35mGET /searchUser?name=Adam 200 481 - 45.600 ms[39m
[35m[39m
2021-10-20 13:42:32:4232 [33mwarn[39m: [33mSERVER IS IN DEVELOPMENT MODE![39m
2021-10-20 13:42:32:4232 [32minfo[39m: [32mserver started at http://localhost:3001[39m
2021-10-20 13:42:32:4232 [32minfo[39m: [32mSuccessfully connected to the Database[39m
2021-10-20 13:44:12:4412 [33mwarn[39m: [33mSERVER IS IN DEVELOPMENT MODE![39m
2021-10-20 13:44:12:4412 [32minfo[39m: [32mserver started at http://localhost:3001[39m
2021-10-20 13:44:12:4412 [32minfo[39m: [32mSuccessfully connected to the Database[39m
2021-10-20 13:44:39:4439 [33mwarn[39m: [33mSERVER IS IN DEVELOPMENT MODE![39m
2021-10-20 13:44:39:4439 [32minfo[39m: [32mserver started at http://localhost:3001[39m
2021-10-20 13:44:39:4439 [32minfo[39m: [32mSuccessfully connected to the Database[39m
2021-10-20 13:44:51:4451 [33mwarn[39m: [33mSERVER IS IN DEVELOPMENT MODE![39m
2021-10-20 13:44:51:4451 [32minfo[39m: [32mserver started at http://localhost:3001[39m
2021-10-20 13:44:51:4451 [32minfo[39m: [32mSuccessfully connected to the Database[39m
2021-10-20 13:44:59:4459 [35mhttp[39m: [35mreq.query.name: Adam [39m
2021-10-20 13:44:59:4459 [37mdebug[39m: [37m[[39m
[37m  {[39m
[37m    _id: new ObjectId("616ffa4140214e15d5c17eaa"),[39m
[37m    name: 'Adam',[39m
[37m    age: 19,[39m
[37m    gender: 'Male',[39m
[37m    createdAt: 2021-10-20T11:15:13.531Z,[39m
[37m    updatedAt: 2021-10-20T11:15:13.531Z,[39m
[37m    __v: 0[39m
[37m  },[39m
[37m  {[39m
[37m    _id: new ObjectId("616ffb4a3b24ef98d6d73ff4"),[39m
[37m    name: 'Adam',[39m
[37m    age: 19,[39m
[37m    gender: 'Male',[39m
[37m    createdAt: 2021-10-20T11:19:38.739Z,[39m
[37m    updatedAt: 2021-10-20T11:19:38.739Z,[39m
[37m    __v: 0[39m
[37m  },[39m
[37m  {[39m
[37m    _id: new ObjectId("616ffbbae7aa15bac9ecb853"),[39m
[37m    name: 'Adam',[39m
[37m    age: 19,[39m
[37m    gender: 'Male',[39m
[37m    createdAt: 2021-10-20T11:21:30.210Z,[39m
[37m    updatedAt: 2021-10-20T11:21:30.210Z,[39m
[37m    __v: 0[39m
[37m  }[39m
[37m][39m
2021-10-20 13:45:14:4514 [33mwarn[39m: [33mSERVER IS IN DEVELOPMENT MODE![39m
2021-10-20 13:45:14:4514 [32minfo[39m: [32mserver started at http://localhost:3001[39m
2021-10-20 13:45:14:4514 [32minfo[39m: [32mSuccessfully connected to the Database[39m
2021-10-20 13:45:19:4519 [35mhttp[39m: [35mreq.query.name: Adam [39m
2021-10-20 13:45:19:4519 [37mdebug[39m: [37m[[39m
[37m  {[39m
[37m    _id: new ObjectId("616ffa4140214e15d5c17eaa"),[39m
[37m    name: 'Adam',[39m
[37m    age: 19,[39m
[37m    gender: 'Male',[39m
[37m    createdAt: 2021-10-20T11:15:13.531Z,[39m
[37m    updatedAt: 2021-10-20T11:15:13.531Z,[39m
[37m    __v: 0[39m
[37m  },[39m
[37m  {[39m
[37m    _id: new ObjectId("616ffb4a3b24ef98d6d73ff4"),[39m
[37m    name: 'Adam',[39m
[37m    age: 19,[39m
[37m    gender: 'Male',[39m
[37m    createdAt: 2021-10-20T11:19:38.739Z,[39m
[37m    updatedAt: 2021-10-20T11:19:38.739Z,[39m
[37m    __v: 0[39m
[37m  },[39m
[37m  {[39m
[37m    _id: new ObjectId("616ffbbae7aa15bac9ecb853"),[39m
[37m    name: 'Adam',[39m
[37m    age: 19,[39m
[37m    gender: 'Male',[39m
[37m    createdAt: 2021-10-20T11:21:30.210Z,[39m
[37m    updatedAt: 2021-10-20T11:21:30.210Z,[39m
[37m    __v: 0[39m
[37m  }[39m
[37m][39m
2021-10-20 13:46:32:4632 [33mwarn[39m: [33mSERVER IS IN DEVELOPMENT MODE![39m
2021-10-20 13:46:32:4632 [32minfo[39m: [32mserver started at http://localhost:3001[39m
2021-10-20 13:46:32:4632 [32minfo[39m: [32mSuccessfully connected to the Database[39m
2021-10-21 09:22:26:2226 [33mwarn[39m: [33mSERVER IS IN DEVELOPMENT MODE![39m
2021-10-21 09:22:26:2226 [32minfo[39m: [32mserver started at http://localhost:3001[39m
2021-10-21 09:22:26:2226 [32minfo[39m: [32mSuccessfully connected to the Database[39m
2021-10-21 09:25:04:254 [33mwarn[39m: [33mSERVER IS IN DEVELOPMENT MODE![39m
2021-10-21 09:25:04:254 [32minfo[39m: [32mserver started at http://localhost:3001[39m
2021-10-21 09:25:05:255 [32minfo[39m: [32mSuccessfully connected to the Database[39m
2021-10-21 09:49:04:494 [33mwarn[39m: [33mSERVER IS IN DEVELOPMENT MODE![39m
2021-10-21 09:49:04:494 [32minfo[39m: [32mserver started at http://localhost:3001[39m
2021-10-21 09:49:04:494 [32minfo[39m: [32mSuccessfully connected to the Database[39m
